2025-05-19 13:23:37 INFO  c.e.s.SalonServiceApplication - Starting SalonServiceApplication using Java 17.0.14 with PID 8368 (D:\idea_projects\salon-service\salon-service\target\classes started by Denis in D:\idea_projects\salon-service)
2025-05-19 13:23:37 DEBUG c.e.s.SalonServiceApplication - Running with Spring Boot v3.4.4, Spring v6.2.5
2025-05-19 13:23:37 INFO  c.e.s.SalonServiceApplication - No active profile set, falling back to 1 default profile: "default"
2025-05-19 13:23:45 INFO  c.e.s.SalonServiceApplication - Started SalonServiceApplication in 8.855 seconds (process running for 9.316)
2025-05-19 13:23:45 INFO  c.e.s.service.TimetableService - Закрыты по истечению времени 36 окошек на 2025-05-19 в 13-23
2025-05-19 13:23:45 INFO  c.e.s.service.TimetableService - Удалены слоты до 2025-05-19 (не включительно): 0 записей
2025-05-19 13:23:45 INFO  c.e.s.service.TimetableService - Итого создано 0 слотов
2025-05-19 13:23:45 INFO  c.e.s.service.TimetableService - Расписание обновлено в 2025-05-19T13:23:45.913923900
2025-05-19 13:23:45 INFO  c.e.s.service.RequestService - Статусы всех заявок обновлены.
2025-05-19 13:23:45 INFO  c.e.s.config.PasswordHashInitializer - Все пароли уже были захешированы ранее.
2025-05-19 16:23:33 INFO  c.e.s.SalonServiceApplication - Starting SalonServiceApplication using Java 17.0.14 with PID 10160 (D:\idea_projects\salon-service\salon-service\target\classes started by Denis in D:\idea_projects\salon-service)
2025-05-19 16:23:33 DEBUG c.e.s.SalonServiceApplication - Running with Spring Boot v3.2.5, Spring v6.1.6
2025-05-19 16:23:33 INFO  c.e.s.SalonServiceApplication - No active profile set, falling back to 1 default profile: "default"
2025-05-19 16:23:39 INFO  c.e.s.SalonServiceApplication - Started SalonServiceApplication in 6.837 seconds (process running for 7.378)
2025-05-19 16:23:39 INFO  c.e.s.config.PasswordHashInitializer - Все пароли уже были захешированы ранее.
2025-05-19 16:23:39 INFO  c.e.s.service.TimetableService - Закрыты по истечению времени 60 окошек на 2025-05-19 в 16-23
2025-05-19 16:23:39 INFO  c.e.s.service.TimetableService - Удалены слоты до 2025-05-19 (не включительно): 0 записей
2025-05-19 16:23:39 INFO  c.e.s.service.TimetableService - Итого создано 0 слотов
2025-05-19 16:23:39 INFO  c.e.s.service.TimetableService - Расписание обновлено в 2025-05-19T16:23:39.978130700
2025-05-19 16:23:40 INFO  c.e.s.service.RequestService - Заявка с ID 84 изменена на статус 'DONE'.
2025-05-19 16:23:40 INFO  c.e.s.service.RequestService - Статусы всех заявок обновлены.
2025-05-19 16:23:49 INFO  c.e.s.SalonServiceApplication - Starting SalonServiceApplication using Java 17.0.14 with PID 9352 (D:\idea_projects\salon-service\salon-service\target\classes started by Denis in D:\idea_projects\salon-service)
2025-05-19 16:23:49 DEBUG c.e.s.SalonServiceApplication - Running with Spring Boot v3.2.5, Spring v6.1.6
2025-05-19 16:23:49 INFO  c.e.s.SalonServiceApplication - No active profile set, falling back to 1 default profile: "default"
2025-05-19 16:23:54 INFO  c.e.s.SalonServiceApplication - Started SalonServiceApplication in 6.417 seconds (process running for 6.896)
2025-05-19 16:23:55 INFO  c.e.s.service.TimetableService - Закрыты по истечению времени 60 окошек на 2025-05-19 в 16-23
2025-05-19 16:23:55 INFO  c.e.s.service.TimetableService - Удалены слоты до 2025-05-19 (не включительно): 0 записей
2025-05-19 16:23:55 INFO  c.e.s.service.TimetableService - Итого создано 0 слотов
2025-05-19 16:23:55 INFO  c.e.s.service.TimetableService - Расписание обновлено в 2025-05-19T16:23:55.283489800
2025-05-19 16:23:55 INFO  c.e.s.service.RequestService - Статусы всех заявок обновлены.
2025-05-19 16:23:55 INFO  c.e.s.config.PasswordHashInitializer - Все пароли уже были захешированы ранее.
2025-05-19 16:30:00 INFO  c.e.s.service.TimetableService - Закрыты по истечению времени 64 окошек на 2025-05-19 в 16-30
2025-05-19 16:30:00 INFO  c.e.s.service.RequestService - Заявка с ID 85 изменена на статус 'DONE'.
2025-05-19 16:30:00 INFO  c.e.s.service.RequestService - Статусы всех заявок обновлены.
2025-05-19 16:59:59 INFO  c.e.s.service.RequestService - Статусы всех заявок обновлены.
2025-05-19 16:59:59 INFO  c.e.s.service.TimetableService - Закрыты по истечению времени 64 окошек на 2025-05-19 в 16-59
