2025-05-27 11:06:23 INFO  c.e.s.SalonServiceApplication - Starting SalonServiceApplication using Java 17.0.14 with PID 31860 (D:\idea_projects\salon-service\salon-service\target\classes started by Denis in D:\idea_projects\salon-service)
2025-05-27 11:06:23 DEBUG c.e.s.SalonServiceApplication - Running with Spring Boot v3.2.5, Spring v6.1.6
2025-05-27 11:06:23 INFO  c.e.s.SalonServiceApplication - No active profile set, falling back to 1 default profile: "default"
2025-05-27 11:06:30 INFO  c.e.s.SalonServiceApplication - Started SalonServiceApplication in 7.055 seconds (process running for 8.293)
2025-05-27 11:06:30 INFO  c.e.s.service.TimetableService - Закрыты по истечению времени 29 окошек на 2025-05-27 в 11-06
2025-05-27 11:06:30 INFO  c.e.s.service.TimetableService - Удалены слоты до 2025-05-27 (не включительно): 24 записей
2025-05-27 11:06:30 INFO  c.e.s.service.TimetableService - Итого создано 24 слотов
2025-05-27 11:06:30 INFO  c.e.s.service.TimetableService - Расписание обновлено в 2025-05-27T11:06:30.837616900
2025-05-27 11:06:30 INFO  c.e.s.service.RequestService - Статусы всех заявок обновлены.
2025-05-27 11:06:30 INFO  c.e.s.config.PasswordHashInitializer - Все пароли уже были захешированы ранее.
2025-05-27 11:30:00 INFO  c.e.s.service.RequestService - Статусы всех заявок обновлены.
2025-05-27 11:30:00 INFO  c.e.s.service.TimetableService - Закрыты по истечению времени 6 окошек на 2025-05-27 в 11-30
2025-05-27 12:00:00 INFO  c.e.s.service.RequestService - Статусы всех заявок обновлены.
2025-05-27 12:00:00 INFO  c.e.s.service.TimetableService - Закрыты по истечению времени 7 окошек на 2025-05-27 в 12-00
2025-05-27 12:00:10 INFO  c.e.s.SalonServiceApplication - Starting SalonServiceApplication using Java 17.0.14 with PID 12648 (D:\idea_projects\salon-service\salon-service\target\classes started by Denis in D:\idea_projects\salon-service)
2025-05-27 12:00:10 DEBUG c.e.s.SalonServiceApplication - Running with Spring Boot v3.2.5, Spring v6.1.6
2025-05-27 12:00:10 INFO  c.e.s.SalonServiceApplication - No active profile set, falling back to 1 default profile: "default"
2025-05-27 12:02:41 INFO  c.e.s.SalonServiceApplication - Starting SalonServiceApplication using Java 17.0.14 with PID 19368 (D:\idea_projects\salon-service\salon-service\target\classes started by Denis in D:\idea_projects\salon-service)
2025-05-27 12:02:41 DEBUG c.e.s.SalonServiceApplication - Running with Spring Boot v3.2.5, Spring v6.1.6
2025-05-27 12:02:41 INFO  c.e.s.SalonServiceApplication - No active profile set, falling back to 1 default profile: "default"
2025-05-27 12:02:47 INFO  c.e.s.SalonServiceApplication - Started SalonServiceApplication in 6.062 seconds (process running for 6.504)
2025-05-27 12:02:47 INFO  c.e.s.service.TimetableService - Закрыты по истечению времени 7 окошек на 2025-05-27 в 12-02
2025-05-27 12:02:47 INFO  c.e.s.service.TimetableService - Удалены слоты до 2025-05-27 (не включительно): 0 записей
2025-05-27 12:02:47 INFO  c.e.s.service.TimetableService - Итого создано 0 слотов
2025-05-27 12:02:47 INFO  c.e.s.service.TimetableService - Расписание обновлено в 2025-05-27T12:02:47.371359100
2025-05-27 12:02:47 INFO  c.e.s.service.RequestService - Статусы всех заявок обновлены.
2025-05-27 12:02:47 INFO  c.e.s.config.PasswordHashInitializer - Все пароли уже были захешированы ранее.
2025-05-27 12:06:10 INFO  c.e.s.SalonServiceApplication - Starting SalonServiceApplication using Java 17.0.14 with PID 28016 (D:\idea_projects\salon-service\salon-service\target\classes started by Denis in D:\idea_projects\salon-service)
2025-05-27 12:06:10 DEBUG c.e.s.SalonServiceApplication - Running with Spring Boot v3.2.5, Spring v6.1.6
2025-05-27 12:06:10 INFO  c.e.s.SalonServiceApplication - No active profile set, falling back to 1 default profile: "default"
2025-05-27 12:06:16 INFO  c.e.s.SalonServiceApplication - Started SalonServiceApplication in 6.391 seconds (process running for 6.808)
2025-05-27 12:06:16 INFO  c.e.s.config.PasswordHashInitializer - Все пароли уже были захешированы ранее.
2025-05-27 12:06:16 INFO  c.e.s.service.TimetableService - Закрыты по истечению времени 7 окошек на 2025-05-27 в 12-06
2025-05-27 12:06:16 INFO  c.e.s.service.TimetableService - Удалены слоты до 2025-05-27 (не включительно): 0 записей
2025-05-27 12:06:16 INFO  c.e.s.service.TimetableService - Итого создано 0 слотов
2025-05-27 12:06:16 INFO  c.e.s.service.TimetableService - Расписание обновлено в 2025-05-27T12:06:16.936479800
2025-05-27 12:06:16 INFO  c.e.s.service.RequestService - Статусы всех заявок обновлены.
2025-05-27 12:09:01 INFO  c.e.s.SalonServiceApplication - Starting SalonServiceApplication using Java 17.0.14 with PID 19596 (D:\idea_projects\salon-service\salon-service\target\classes started by Denis in D:\idea_projects\salon-service)
2025-05-27 12:09:01 DEBUG c.e.s.SalonServiceApplication - Running with Spring Boot v3.2.5, Spring v6.1.6
2025-05-27 12:09:01 INFO  c.e.s.SalonServiceApplication - No active profile set, falling back to 1 default profile: "default"
2025-05-27 12:09:06 INFO  c.e.s.SalonServiceApplication - Started SalonServiceApplication in 6.13 seconds (process running for 6.569)
2025-05-27 12:09:06 INFO  c.e.s.config.PasswordHashInitializer - Все пароли уже были захешированы ранее.
2025-05-27 12:09:06 INFO  c.e.s.service.TimetableService - Закрыты по истечению времени 7 окошек на 2025-05-27 в 12-09
2025-05-27 12:09:06 INFO  c.e.s.service.TimetableService - Удалены слоты до 2025-05-27 (не включительно): 0 записей
2025-05-27 12:09:06 INFO  c.e.s.service.TimetableService - Итого создано 0 слотов
2025-05-27 12:09:06 INFO  c.e.s.service.TimetableService - Расписание обновлено в 2025-05-27T12:09:06.860897900
2025-05-27 12:09:06 INFO  c.e.s.service.RequestService - Статусы всех заявок обновлены.
2025-05-27 12:15:34 INFO  c.e.s.SalonServiceApplication - Starting SalonServiceApplication using Java 17.0.14 with PID 24276 (D:\idea_projects\salon-service\salon-service\target\classes started by Denis in D:\idea_projects\salon-service)
2025-05-27 12:15:34 DEBUG c.e.s.SalonServiceApplication - Running with Spring Boot v3.2.5, Spring v6.1.6
2025-05-27 12:15:34 INFO  c.e.s.SalonServiceApplication - No active profile set, falling back to 1 default profile: "default"
2025-05-27 12:15:41 INFO  c.e.s.SalonServiceApplication - Started SalonServiceApplication in 7.655 seconds (process running for 8.078)
2025-05-27 12:15:41 INFO  c.e.s.service.TimetableService - Закрыты по истечению времени 7 окошек на 2025-05-27 в 12-15
2025-05-27 12:15:41 INFO  c.e.s.service.TimetableService - Удалены слоты до 2025-05-27 (не включительно): 0 записей
2025-05-27 12:15:41 INFO  c.e.s.service.TimetableService - Итого создано 0 слотов
2025-05-27 12:15:41 INFO  c.e.s.service.TimetableService - Расписание обновлено в 2025-05-27T12:15:41.564684
2025-05-27 12:15:41 INFO  c.e.s.service.RequestService - Статусы всех заявок обновлены.
2025-05-27 12:15:41 INFO  c.e.s.config.PasswordHashInitializer - Все пароли уже были захешированы ранее.
2025-05-27 12:17:56 INFO  c.e.s.service.RequestService - Найдено 3 заявок для клиента с ID 40
2025-05-27 12:33:20 INFO  c.e.s.SalonServiceApplication - Starting SalonServiceApplication using Java 17.0.14 with PID 20972 (D:\idea_projects\salon-service\salon-service\target\classes started by Denis in D:\idea_projects\salon-service)
2025-05-27 12:33:20 DEBUG c.e.s.SalonServiceApplication - Running with Spring Boot v3.2.5, Spring v6.1.6
2025-05-27 12:33:20 INFO  c.e.s.SalonServiceApplication - No active profile set, falling back to 1 default profile: "default"
2025-05-27 12:33:27 INFO  c.e.s.SalonServiceApplication - Started SalonServiceApplication in 7.373 seconds (process running for 7.791)
2025-05-27 12:33:27 INFO  c.e.s.service.TimetableService - Закрыты по истечению времени 8 окошек на 2025-05-27 в 12-33
2025-05-27 12:33:27 INFO  c.e.s.service.TimetableService - Удалены слоты до 2025-05-27 (не включительно): 0 записей
2025-05-27 12:33:27 INFO  c.e.s.service.TimetableService - Итого создано 0 слотов
2025-05-27 12:33:27 INFO  c.e.s.service.TimetableService - Расписание обновлено в 2025-05-27T12:33:27.875185900
2025-05-27 12:33:27 INFO  c.e.s.service.RequestService - Статусы всех заявок обновлены.
2025-05-27 12:33:27 INFO  c.e.s.config.PasswordHashInitializer - Все пароли уже были захешированы ранее.
2025-05-27 12:34:39 INFO  c.e.s.SalonServiceApplication - Starting SalonServiceApplication using Java 17.0.14 with PID 4212 (D:\idea_projects\salon-service\salon-service\target\classes started by Denis in D:\idea_projects\salon-service)
2025-05-27 12:34:39 DEBUG c.e.s.SalonServiceApplication - Running with Spring Boot v3.2.5, Spring v6.1.6
2025-05-27 12:34:39 INFO  c.e.s.SalonServiceApplication - No active profile set, falling back to 1 default profile: "default"
2025-05-27 12:34:45 INFO  c.e.s.SalonServiceApplication - Started SalonServiceApplication in 6.274 seconds (process running for 6.706)
2025-05-27 12:34:45 INFO  c.e.s.config.PasswordHashInitializer - Все пароли уже были захешированы ранее.
2025-05-27 12:34:45 INFO  c.e.s.service.TimetableService - Закрыты по истечению времени 8 окошек на 2025-05-27 в 12-34
2025-05-27 12:34:45 INFO  c.e.s.service.TimetableService - Удалены слоты до 2025-05-27 (не включительно): 0 записей
2025-05-27 12:34:45 INFO  c.e.s.service.TimetableService - Итого создано 0 слотов
2025-05-27 12:34:45 INFO  c.e.s.service.TimetableService - Расписание обновлено в 2025-05-27T12:34:45.233549200
2025-05-27 12:34:45 INFO  c.e.s.service.RequestService - Статусы всех заявок обновлены.
2025-05-27 12:44:13 INFO  c.e.s.SalonServiceApplication - Starting SalonServiceApplication using Java 17.0.14 with PID 10076 (D:\idea_projects\salon-service\salon-service\target\classes started by Denis in D:\idea_projects\salon-service)
2025-05-27 12:44:13 DEBUG c.e.s.SalonServiceApplication - Running with Spring Boot v3.2.5, Spring v6.1.6
2025-05-27 12:44:13 INFO  c.e.s.SalonServiceApplication - No active profile set, falling back to 1 default profile: "default"
2025-05-27 12:44:18 INFO  c.e.s.SalonServiceApplication - Started SalonServiceApplication in 6.36 seconds (process running for 6.76)
2025-05-27 12:44:19 INFO  c.e.s.config.PasswordHashInitializer - Все пароли уже были захешированы ранее.
2025-05-27 12:44:19 INFO  c.e.s.service.TimetableService - Закрыты по истечению времени 8 окошек на 2025-05-27 в 12-44
2025-05-27 12:44:19 INFO  c.e.s.service.TimetableService - Удалены слоты до 2025-05-27 (не включительно): 0 записей
2025-05-27 12:44:19 INFO  c.e.s.service.TimetableService - Итого создано 0 слотов
2025-05-27 12:44:19 INFO  c.e.s.service.TimetableService - Расписание обновлено в 2025-05-27T12:44:19.172383100
2025-05-27 12:44:19 INFO  c.e.s.service.RequestService - Статусы всех заявок обновлены.
2025-05-27 12:44:34 INFO  c.e.s.service.RequestService - Найдено 3 заявок для клиента с ID 40
2025-05-27 12:48:53 INFO  c.e.s.SalonServiceApplication - Starting SalonServiceApplication using Java 17.0.14 with PID 13668 (D:\idea_projects\salon-service\salon-service\target\classes started by Denis in D:\idea_projects\salon-service)
2025-05-27 12:48:53 DEBUG c.e.s.SalonServiceApplication - Running with Spring Boot v3.2.5, Spring v6.1.6
2025-05-27 12:48:53 INFO  c.e.s.SalonServiceApplication - No active profile set, falling back to 1 default profile: "default"
2025-05-27 12:48:59 INFO  c.e.s.SalonServiceApplication - Started SalonServiceApplication in 6.136 seconds (process running for 6.562)
2025-05-27 12:48:59 INFO  c.e.s.service.TimetableService - Закрыты по истечению времени 8 окошек на 2025-05-27 в 12-48
2025-05-27 12:48:59 INFO  c.e.s.service.TimetableService - Удалены слоты до 2025-05-27 (не включительно): 0 записей
2025-05-27 12:48:59 INFO  c.e.s.service.TimetableService - Итого создано 0 слотов
2025-05-27 12:48:59 INFO  c.e.s.service.TimetableService - Расписание обновлено в 2025-05-27T12:48:59.443095300
2025-05-27 12:48:59 INFO  c.e.s.service.RequestService - Статусы всех заявок обновлены.
2025-05-27 12:48:59 INFO  c.e.s.config.PasswordHashInitializer - Все пароли уже были захешированы ранее.
2025-05-27 12:50:02 INFO  c.e.s.SalonServiceApplication - Starting SalonServiceApplication using Java 17.0.14 with PID 22892 (D:\idea_projects\salon-service\salon-service\target\classes started by Denis in D:\idea_projects\salon-service)
2025-05-27 12:50:02 DEBUG c.e.s.SalonServiceApplication - Running with Spring Boot v3.2.5, Spring v6.1.6
2025-05-27 12:50:02 INFO  c.e.s.SalonServiceApplication - No active profile set, falling back to 1 default profile: "default"
2025-05-27 12:50:08 INFO  c.e.s.SalonServiceApplication - Started SalonServiceApplication in 6.275 seconds (process running for 6.753)
2025-05-27 12:50:08 INFO  c.e.s.service.TimetableService - Закрыты по истечению времени 8 окошек на 2025-05-27 в 12-50
2025-05-27 12:50:08 INFO  c.e.s.service.TimetableService - Удалены слоты до 2025-05-27 (не включительно): 0 записей
2025-05-27 12:50:08 INFO  c.e.s.service.TimetableService - Итого создано 0 слотов
2025-05-27 12:50:08 INFO  c.e.s.service.TimetableService - Расписание обновлено в 2025-05-27T12:50:08.855026300
2025-05-27 12:50:08 INFO  c.e.s.service.RequestService - Статусы всех заявок обновлены.
2025-05-27 12:50:08 INFO  c.e.s.config.PasswordHashInitializer - Все пароли уже были захешированы ранее.
2025-05-27 12:54:35 INFO  c.e.s.SalonServiceApplication - Starting SalonServiceApplication using Java 17.0.14 with PID 24720 (D:\idea_projects\salon-service\salon-service\target\classes started by Denis in D:\idea_projects\salon-service)
2025-05-27 12:54:35 DEBUG c.e.s.SalonServiceApplication - Running with Spring Boot v3.2.5, Spring v6.1.6
2025-05-27 12:54:35 INFO  c.e.s.SalonServiceApplication - No active profile set, falling back to 1 default profile: "default"
2025-05-27 12:54:41 INFO  c.e.s.SalonServiceApplication - Started SalonServiceApplication in 7.025 seconds (process running for 7.566)
2025-05-27 12:54:41 INFO  c.e.s.config.PasswordHashInitializer - Все пароли уже были захешированы ранее.
2025-05-27 12:54:41 INFO  c.e.s.service.TimetableService - Закрыты по истечению времени 8 окошек на 2025-05-27 в 12-54
2025-05-27 12:54:41 INFO  c.e.s.service.TimetableService - Удалены слоты до 2025-05-27 (не включительно): 0 записей
2025-05-27 12:54:41 INFO  c.e.s.service.TimetableService - Итого создано 0 слотов
2025-05-27 12:54:41 INFO  c.e.s.service.TimetableService - Расписание обновлено в 2025-05-27T12:54:41.634341800
2025-05-27 12:54:41 INFO  c.e.s.service.RequestService - Статусы всех заявок обновлены.
2025-05-27 12:57:53 INFO  c.e.s.SalonServiceApplication - Starting SalonServiceApplication using Java 17.0.14 with PID 32020 (D:\idea_projects\salon-service\salon-service\target\classes started by Denis in D:\idea_projects\salon-service)
2025-05-27 12:57:53 DEBUG c.e.s.SalonServiceApplication - Running with Spring Boot v3.2.5, Spring v6.1.6
2025-05-27 12:57:53 INFO  c.e.s.SalonServiceApplication - No active profile set, falling back to 1 default profile: "default"
2025-05-27 12:57:59 INFO  c.e.s.SalonServiceApplication - Started SalonServiceApplication in 7.239 seconds (process running for 7.649)
2025-05-27 12:58:00 INFO  c.e.s.service.TimetableService - Закрыты по истечению времени 8 окошек на 2025-05-27 в 12-57
2025-05-27 12:58:00 INFO  c.e.s.service.TimetableService - Удалены слоты до 2025-05-27 (не включительно): 0 записей
2025-05-27 12:58:00 INFO  c.e.s.service.TimetableService - Итого создано 0 слотов
2025-05-27 12:58:00 INFO  c.e.s.service.TimetableService - Расписание обновлено в 2025-05-27T12:58:00.274301200
2025-05-27 12:58:00 INFO  c.e.s.service.RequestService - Статусы всех заявок обновлены.
2025-05-27 12:58:00 INFO  c.e.s.config.PasswordHashInitializer - Все пароли уже были захешированы ранее.
2025-05-27 13:00:00 INFO  c.e.s.service.RequestService - Статусы всех заявок обновлены.
2025-05-27 13:00:00 INFO  c.e.s.service.TimetableService - Закрыты по истечению времени 9 окошек на 2025-05-27 в 13-00
2025-05-27 13:03:57 INFO  c.e.s.SalonServiceApplication - Starting SalonServiceApplication using Java 17.0.14 with PID 13984 (D:\idea_projects\salon-service\salon-service\target\classes started by Denis in D:\idea_projects\salon-service)
2025-05-27 13:03:57 DEBUG c.e.s.SalonServiceApplication - Running with Spring Boot v3.2.5, Spring v6.1.6
2025-05-27 13:03:57 INFO  c.e.s.SalonServiceApplication - No active profile set, falling back to 1 default profile: "default"
2025-05-27 13:04:04 INFO  c.e.s.SalonServiceApplication - Started SalonServiceApplication in 7.104 seconds (process running for 7.665)
2025-05-27 13:04:04 INFO  c.e.s.service.TimetableService - Закрыты по истечению времени 9 окошек на 2025-05-27 в 13-04
2025-05-27 13:04:04 INFO  c.e.s.service.TimetableService - Удалены слоты до 2025-05-27 (не включительно): 0 записей
2025-05-27 13:04:04 INFO  c.e.s.service.TimetableService - Итого создано 0 слотов
2025-05-27 13:04:04 INFO  c.e.s.service.TimetableService - Расписание обновлено в 2025-05-27T13:04:04.342793700
2025-05-27 13:04:04 INFO  c.e.s.service.RequestService - Статусы всех заявок обновлены.
2025-05-27 13:04:04 INFO  c.e.s.config.PasswordHashInitializer - Все пароли уже были захешированы ранее.
2025-05-27 13:06:34 INFO  c.e.s.SalonServiceApplication - Starting SalonServiceApplication using Java 17.0.14 with PID 31176 (D:\idea_projects\salon-service\salon-service\target\classes started by Denis in D:\idea_projects\salon-service)
2025-05-27 13:06:34 DEBUG c.e.s.SalonServiceApplication - Running with Spring Boot v3.2.5, Spring v6.1.6
2025-05-27 13:06:34 INFO  c.e.s.SalonServiceApplication - No active profile set, falling back to 1 default profile: "default"
2025-05-27 13:06:41 INFO  c.e.s.SalonServiceApplication - Started SalonServiceApplication in 8.001 seconds (process running for 8.509)
2025-05-27 13:06:41 INFO  c.e.s.config.PasswordHashInitializer - Все пароли уже были захешированы ранее.
2025-05-27 13:06:41 INFO  c.e.s.service.TimetableService - Закрыты по истечению времени 9 окошек на 2025-05-27 в 13-06
2025-05-27 13:06:41 INFO  c.e.s.service.TimetableService - Удалены слоты до 2025-05-27 (не включительно): 0 записей
2025-05-27 13:06:41 INFO  c.e.s.service.TimetableService - Итого создано 0 слотов
2025-05-27 13:06:41 INFO  c.e.s.service.TimetableService - Расписание обновлено в 2025-05-27T13:06:41.781409900
2025-05-27 13:06:41 INFO  c.e.s.service.RequestService - Статусы всех заявок обновлены.
2025-05-27 13:06:58 INFO  c.e.s.service.RequestService - Найдено 3 заявок для клиента с ID 40
